2017-06-16 13:02:01,491 [1] FATAL ProcessLogger [(null)] - System Start 6/16/2017 13:02:01
2017-06-16 13:02:01,517 [1] FATAL ProcessLogger [(null)] - login6/16/2017 13:02:01
2017-06-16 13:05:32,901 [1] FATAL ProcessLogger [(null)] - System Start 6/16/2017 13:05:32
2017-06-16 13:05:32,921 [1] FATAL ProcessLogger [(null)] - login6/16/2017 13:05:32
2017-06-16 13:05:58,202 [1] FATAL ProcessLogger [(null)] - System Start 6/16/2017 13:05:58
2017-06-16 13:05:58,223 [1] FATAL ProcessLogger [(null)] - login6/16/2017 13:05:58
2017-06-16 13:06:00,498 [1] FATAL ProcessLogger [(null)] - 07932:System Login Start 6/16/2017 13:06:00
2017-06-16 13:06:03,740 [1] FATAL ProcessLogger [(null)] - 07933:System Login Start 6/16/2017 13:06:03
2017-06-16 13:06:03,740 [1] FATAL ProcessLogger [(null)] - 07934:System Login Start 6/16/2017 13:06:03
2017-06-16 13:06:03,748 [1] FATAL ProcessLogger [(null)] - 07935:System Login Start 6/16/2017 13:06:03
2017-06-16 13:06:21,286 [1] FATAL ProcessLogger [(null)] - print Initial6/16/2017 13:06:21
2017-06-16 13:06:21,305 [1] FATAL ProcessLogger [(null)] - 109723 load file6/16/2017 13:06:21
2017-06-16 13:06:21,307 [1] FATAL ProcessLogger [(null)] - 109724 Add file6/16/2017 13:06:21
2017-06-16 13:06:21,834 [1] FATAL ProcessLogger [(null)] - 109724 display file6/16/2017 13:06:21
2017-06-16 13:12:11,198 [8] FATAL ProcessLogger [(null)] - System Start 6/16/2017 13:12:11
2017-06-16 13:12:12,658 [8] FATAL ProcessLogger [(null)] - login6/16/2017 13:12:12
2017-06-16 13:21:15,392 [10] FATAL ProcessLogger [(null)] - System Start 6/16/2017 13:21:15
2017-06-16 13:21:15,424 [10] FATAL ProcessLogger [(null)] - login6/16/2017 13:21:15
2017-06-16 13:29:40,168 [9] FATAL ProcessLogger [(null)] - System Start 6/16/2017 13:29:40
2017-06-16 13:29:40,202 [9] FATAL ProcessLogger [(null)] - login6/16/2017 13:29:40
2017-06-16 20:31:17,770 [8] FATAL ProcessLogger [(null)] - System Start 6/16/2017 20:31:17
2017-06-16 20:31:18,100 [8] FATAL ProcessLogger [(null)] - login6/16/2017 20:31:18
