2017-06-29 09:11:22,806 [9] FATAL ProcessLogger [(null)] - System Start 6/29/2017 09:11:22
2017-06-29 09:11:22,831 [9] FATAL ProcessLogger [(null)] - login6/29/2017 09:11:22
2017-06-29 09:11:23,909 [9] FATAL ProcessLogger [(null)] - 07932:System Login Start 6/29/2017 09:11:23
2017-06-29 09:11:24,145 [9] FATAL ProcessLogger [(null)] - 07933:System Login Start 6/29/2017 09:11:24
2017-06-29 09:11:24,145 [9] FATAL ProcessLogger [(null)] - 07934:System Login Start 6/29/2017 09:11:24
2017-06-29 09:11:24,153 [9] FATAL ProcessLogger [(null)] - 07935:System Login Start 6/29/2017 09:11:24
2017-06-29 09:14:22,989 [9] FATAL ProcessLogger [(null)] - System Start 6/29/2017 09:14:22
2017-06-29 09:14:23,016 [9] FATAL ProcessLogger [(null)] - login6/29/2017 09:14:23
2017-06-29 09:14:24,066 [9] FATAL ProcessLogger [(null)] - 07932:System Login Start 6/29/2017 09:14:24
2017-06-29 09:14:24,285 [9] FATAL ProcessLogger [(null)] - 07933:System Login Start 6/29/2017 09:14:24
2017-06-29 09:14:24,285 [9] FATAL ProcessLogger [(null)] - 07934:System Login Start 6/29/2017 09:14:24
2017-06-29 09:14:24,292 [9] FATAL ProcessLogger [(null)] - 07935:System Login Start 6/29/2017 09:14:24
2017-06-29 09:15:48,956 [9] FATAL ProcessLogger [(null)] - System Start 6/29/2017 09:15:48
2017-06-29 09:15:48,981 [9] FATAL ProcessLogger [(null)] - login6/29/2017 09:15:48
2017-06-29 09:15:50,245 [9] FATAL ProcessLogger [(null)] - 07932:System Login Start 6/29/2017 09:15:50
2017-06-29 09:15:50,448 [9] FATAL ProcessLogger [(null)] - 07933:System Login Start 6/29/2017 09:15:50
2017-06-29 09:15:50,448 [9] FATAL ProcessLogger [(null)] - 07934:System Login Start 6/29/2017 09:15:50
2017-06-29 09:15:50,458 [9] FATAL ProcessLogger [(null)] - 07935:System Login Start 6/29/2017 09:15:50
2017-06-29 09:17:55,484 [9] FATAL ProcessLogger [(null)] - System Start 6/29/2017 09:17:55
2017-06-29 09:17:55,513 [9] FATAL ProcessLogger [(null)] - login6/29/2017 09:17:55
2017-06-29 09:17:57,952 [9] FATAL ProcessLogger [(null)] - 07932:System Login Start 6/29/2017 09:17:57
2017-06-29 09:17:58,176 [9] FATAL ProcessLogger [(null)] - 07933:System Login Start 6/29/2017 09:17:58
2017-06-29 09:17:58,176 [9] FATAL ProcessLogger [(null)] - 07934:System Login Start 6/29/2017 09:17:58
2017-06-29 09:17:58,182 [9] FATAL ProcessLogger [(null)] - 07935:System Login Start 6/29/2017 09:17:58
2017-06-29 09:19:00,021 [9] FATAL ProcessLogger [(null)] - System Start 6/29/2017 09:19:00
2017-06-29 09:19:00,051 [9] FATAL ProcessLogger [(null)] - login6/29/2017 09:19:00
2017-06-29 09:19:01,198 [9] FATAL ProcessLogger [(null)] - 07932:System Login Start 6/29/2017 09:19:01
2017-06-29 09:19:01,411 [9] FATAL ProcessLogger [(null)] - 07933:System Login Start 6/29/2017 09:19:01
2017-06-29 09:19:01,411 [9] FATAL ProcessLogger [(null)] - 07934:System Login Start 6/29/2017 09:19:01
2017-06-29 09:19:01,418 [9] FATAL ProcessLogger [(null)] - 07935:System Login Start 6/29/2017 09:19:01
2017-06-29 09:21:31,994 [8] FATAL ProcessLogger [(null)] - System Start 6/29/2017 09:21:31
2017-06-29 09:21:32,023 [8] FATAL ProcessLogger [(null)] - login6/29/2017 09:21:32
2017-06-29 09:21:34,131 [8] FATAL ProcessLogger [(null)] - 07932:System Login Start 6/29/2017 09:21:34
2017-06-29 09:21:34,352 [8] FATAL ProcessLogger [(null)] - 07933:System Login Start 6/29/2017 09:21:34
2017-06-29 09:21:34,352 [8] FATAL ProcessLogger [(null)] - 07934:System Login Start 6/29/2017 09:21:34
2017-06-29 09:21:34,360 [8] FATAL ProcessLogger [(null)] - 07935:System Login Start 6/29/2017 09:21:34
2017-06-29 09:35:44,660 [9] FATAL ProcessLogger [(null)] - System Start 6/29/2017 09:35:44
2017-06-29 09:35:44,690 [9] FATAL ProcessLogger [(null)] - login6/29/2017 09:35:44
2017-06-29 09:35:45,873 [9] FATAL ProcessLogger [(null)] - 07932:System Login Start 6/29/2017 09:35:45
2017-06-29 09:35:46,113 [9] FATAL ProcessLogger [(null)] - 07933:System Login Start 6/29/2017 09:35:46
2017-06-29 09:35:46,113 [9] FATAL ProcessLogger [(null)] - 07934:System Login Start 6/29/2017 09:35:46
2017-06-29 09:35:46,120 [9] FATAL ProcessLogger [(null)] - 07935:System Login Start 6/29/2017 09:35:46
2017-06-29 09:36:20,467 [9] FATAL ProcessLogger [(null)] - System Start 6/29/2017 09:36:20
2017-06-29 09:36:20,494 [9] FATAL ProcessLogger [(null)] - login6/29/2017 09:36:20
2017-06-29 09:36:21,760 [9] FATAL ProcessLogger [(null)] - 07932:System Login Start 6/29/2017 09:36:21
2017-06-29 09:36:21,973 [9] FATAL ProcessLogger [(null)] - 07933:System Login Start 6/29/2017 09:36:21
2017-06-29 09:36:21,973 [9] FATAL ProcessLogger [(null)] - 07934:System Login Start 6/29/2017 09:36:21
2017-06-29 09:36:21,979 [9] FATAL ProcessLogger [(null)] - 07935:System Login Start 6/29/2017 09:36:21
2017-06-29 10:09:08,395 [9] FATAL ProcessLogger [(null)] - System Start 6/29/2017 10:09:08
2017-06-29 10:09:08,427 [9] FATAL ProcessLogger [(null)] - login6/29/2017 10:09:08
2017-06-29 10:09:09,705 [9] FATAL ProcessLogger [(null)] - 07932:System Login Start 6/29/2017 10:09:09
2017-06-29 10:09:09,922 [9] FATAL ProcessLogger [(null)] - 07933:System Login Start 6/29/2017 10:09:09
2017-06-29 10:09:09,922 [9] FATAL ProcessLogger [(null)] - 07934:System Login Start 6/29/2017 10:09:09
2017-06-29 10:09:09,930 [9] FATAL ProcessLogger [(null)] - 07935:System Login Start 6/29/2017 10:09:09
2017-06-29 10:10:19,768 [9] FATAL ProcessLogger [(null)] - System Start 6/29/2017 10:10:19
2017-06-29 10:10:19,796 [9] FATAL ProcessLogger [(null)] - login6/29/2017 10:10:19
2017-06-29 10:10:21,084 [9] FATAL ProcessLogger [(null)] - 07932:System Login Start 6/29/2017 10:10:21
2017-06-29 10:10:21,298 [9] FATAL ProcessLogger [(null)] - 07933:System Login Start 6/29/2017 10:10:21
2017-06-29 10:10:21,299 [9] FATAL ProcessLogger [(null)] - 07934:System Login Start 6/29/2017 10:10:21
2017-06-29 10:10:21,305 [9] FATAL ProcessLogger [(null)] - 07935:System Login Start 6/29/2017 10:10:21
2017-06-29 10:25:39,713 [9] FATAL ProcessLogger [(null)] - System Start 6/29/2017 10:25:39
2017-06-29 10:25:39,745 [9] FATAL ProcessLogger [(null)] - login6/29/2017 10:25:39
2017-06-29 10:25:40,906 [9] FATAL ProcessLogger [(null)] - 07932:System Login Start 6/29/2017 10:25:40
2017-06-29 10:25:41,132 [9] FATAL ProcessLogger [(null)] - 07933:System Login Start 6/29/2017 10:25:41
2017-06-29 10:25:41,132 [9] FATAL ProcessLogger [(null)] - 07934:System Login Start 6/29/2017 10:25:41
2017-06-29 10:25:41,140 [9] FATAL ProcessLogger [(null)] - 07935:System Login Start 6/29/2017 10:25:41
2017-06-29 10:29:39,155 [8] FATAL ProcessLogger [(null)] - System Start 6/29/2017 10:29:39
2017-06-29 10:29:39,184 [8] FATAL ProcessLogger [(null)] - login6/29/2017 10:29:39
2017-06-29 10:29:40,612 [8] FATAL ProcessLogger [(null)] - 07932:System Login Start 6/29/2017 10:29:40
2017-06-29 10:29:40,818 [8] FATAL ProcessLogger [(null)] - 07933:System Login Start 6/29/2017 10:29:40
2017-06-29 10:29:40,818 [8] FATAL ProcessLogger [(null)] - 07934:System Login Start 6/29/2017 10:29:40
2017-06-29 10:29:40,825 [8] FATAL ProcessLogger [(null)] - 07935:System Login Start 6/29/2017 10:29:40
2017-06-29 10:37:25,855 [9] FATAL ProcessLogger [(null)] - System Start 6/29/2017 10:37:25
2017-06-29 10:37:25,883 [9] FATAL ProcessLogger [(null)] - login6/29/2017 10:37:25
2017-06-29 10:38:00,801 [9] FATAL ProcessLogger [(null)] - System Start 6/29/2017 10:38:00
2017-06-29 10:38:00,828 [9] FATAL ProcessLogger [(null)] - login6/29/2017 10:38:00
2017-06-29 10:38:02,164 [9] FATAL ProcessLogger [(null)] - 07932:System Login Start 6/29/2017 10:38:02
2017-06-29 10:38:02,377 [9] FATAL ProcessLogger [(null)] - 07933:System Login Start 6/29/2017 10:38:02
2017-06-29 10:38:02,377 [9] FATAL ProcessLogger [(null)] - 07934:System Login Start 6/29/2017 10:38:02
2017-06-29 10:38:02,383 [9] FATAL ProcessLogger [(null)] - 07935:System Login Start 6/29/2017 10:38:02
2017-06-29 10:38:10,471 [9] FATAL ProcessLogger [(null)] - 009012:print strart6/29/2017 10:38:10
2017-06-29 10:38:10,513 [9] FATAL ProcessLogger [(null)] - 009014:print strart6/29/2017 10:38:10
2017-06-29 10:38:10,524 [9] FATAL ProcessLogger [(null)] - 009015:print strart6/29/2017 10:38:10
2017-06-29 10:38:10,657 [9] FATAL ProcessLogger [(null)] - 009016:print strart6/29/2017 10:38:10
2017-06-29 10:38:10,657 [9] FATAL ProcessLogger [(null)] - 012012:print end6/29/2017 10:38:10
2017-06-29 10:38:10,680 [9] FATAL ProcessLogger [(null)] - 012100:print dock6/29/2017 10:38:10
2017-06-29 10:38:10,683 [9] FATAL ProcessLogger [(null)] - 109723 load file6/29/2017 10:38:10
2017-06-29 10:38:10,684 [9] FATAL ProcessLogger [(null)] - 109724 Add file6/29/2017 10:38:10
2017-06-29 10:38:11,375 [9] FATAL ProcessLogger [(null)] - 109725 display file6/29/2017 10:38:11
2017-06-29 10:39:00,989 [8] FATAL ProcessLogger [(null)] - System Start 6/29/2017 10:39:00
2017-06-29 10:39:01,340 [8] FATAL ProcessLogger [(null)] - login6/29/2017 10:39:01
2017-06-29 10:39:31,554 [9] FATAL ProcessLogger [(null)] - System Start 6/29/2017 10:39:31
2017-06-29 10:39:31,581 [9] FATAL ProcessLogger [(null)] - login6/29/2017 10:39:31
2017-06-29 10:39:32,810 [9] FATAL ProcessLogger [(null)] - 07932:System Login Start 6/29/2017 10:39:32
2017-06-29 10:39:33,026 [9] FATAL ProcessLogger [(null)] - 07933:System Login Start 6/29/2017 10:39:33
2017-06-29 10:39:33,026 [9] FATAL ProcessLogger [(null)] - 07934:System Login Start 6/29/2017 10:39:33
2017-06-29 10:39:33,034 [9] FATAL ProcessLogger [(null)] - 07935:System Login Start 6/29/2017 10:39:33
2017-06-29 10:39:39,452 [9] FATAL ProcessLogger [(null)] - 009012:print strart6/29/2017 10:39:39
2017-06-29 10:39:39,492 [9] FATAL ProcessLogger [(null)] - 009014:print strart6/29/2017 10:39:39
2017-06-29 10:39:39,503 [9] FATAL ProcessLogger [(null)] - 009015:print strart6/29/2017 10:39:39
2017-06-29 10:39:39,634 [9] FATAL ProcessLogger [(null)] - 009016:print strart6/29/2017 10:39:39
2017-06-29 10:39:39,634 [9] FATAL ProcessLogger [(null)] - 012012:print end6/29/2017 10:39:39
2017-06-29 10:39:39,676 [9] FATAL ProcessLogger [(null)] - 012100:print dock6/29/2017 10:39:39
2017-06-29 10:39:39,679 [9] FATAL ProcessLogger [(null)] - 109723 load file6/29/2017 10:39:39
2017-06-29 10:39:39,681 [9] FATAL ProcessLogger [(null)] - 109724 Add file6/29/2017 10:39:39
2017-06-29 10:39:40,374 [9] FATAL ProcessLogger [(null)] - 109725 display file6/29/2017 10:39:40
2017-06-29 10:40:40,877 [9] FATAL ProcessLogger [(null)] - System Start 6/29/2017 10:40:40
2017-06-29 10:40:40,906 [9] FATAL ProcessLogger [(null)] - login6/29/2017 10:40:40
2017-06-29 10:40:41,971 [9] FATAL ProcessLogger [(null)] - 07932:System Login Start 6/29/2017 10:40:41
2017-06-29 10:40:42,186 [9] FATAL ProcessLogger [(null)] - 07933:System Login Start 6/29/2017 10:40:42
2017-06-29 10:40:42,186 [9] FATAL ProcessLogger [(null)] - 07934:System Login Start 6/29/2017 10:40:42
2017-06-29 10:40:42,193 [9] FATAL ProcessLogger [(null)] - 07935:System Login Start 6/29/2017 10:40:42
2017-06-29 10:40:49,600 [9] FATAL ProcessLogger [(null)] - 009012:print strart6/29/2017 10:40:49
2017-06-29 10:40:49,642 [9] FATAL ProcessLogger [(null)] - 009014:print strart6/29/2017 10:40:49
2017-06-29 10:40:49,651 [9] FATAL ProcessLogger [(null)] - 009015:print strart6/29/2017 10:40:49
2017-06-29 10:40:49,780 [9] FATAL ProcessLogger [(null)] - 009016:print strart6/29/2017 10:40:49
2017-06-29 10:40:49,780 [9] FATAL ProcessLogger [(null)] - 012012:print end6/29/2017 10:40:49
2017-06-29 10:40:49,804 [9] FATAL ProcessLogger [(null)] - 012100:print dock6/29/2017 10:40:49
2017-06-29 10:40:49,808 [9] FATAL ProcessLogger [(null)] - 109723 load file6/29/2017 10:40:49
2017-06-29 10:40:49,809 [9] FATAL ProcessLogger [(null)] - 109724 Add file6/29/2017 10:40:49
2017-06-29 10:40:50,521 [9] FATAL ProcessLogger [(null)] - 109725 display file6/29/2017 10:40:50
2017-06-29 10:44:10,281 [8] FATAL ProcessLogger [(null)] - System Start 6/29/2017 10:44:10
2017-06-29 10:44:10,311 [8] FATAL ProcessLogger [(null)] - login6/29/2017 10:44:10
2017-06-29 10:44:11,313 [8] FATAL ProcessLogger [(null)] - 07932:System Login Start 6/29/2017 10:44:11
2017-06-29 10:44:11,526 [8] FATAL ProcessLogger [(null)] - 07933:System Login Start 6/29/2017 10:44:11
2017-06-29 10:44:11,526 [8] FATAL ProcessLogger [(null)] - 07934:System Login Start 6/29/2017 10:44:11
2017-06-29 10:44:11,533 [8] FATAL ProcessLogger [(null)] - 07935:System Login Start 6/29/2017 10:44:11
2017-06-29 10:44:18,874 [8] FATAL ProcessLogger [(null)] - 009012:print strart6/29/2017 10:44:18
2017-06-29 10:44:18,918 [8] FATAL ProcessLogger [(null)] - 009014:print strart6/29/2017 10:44:18
2017-06-29 10:44:18,928 [8] FATAL ProcessLogger [(null)] - 009015:print strart6/29/2017 10:44:18
2017-06-29 10:44:19,060 [8] FATAL ProcessLogger [(null)] - 009016:print strart6/29/2017 10:44:19
2017-06-29 10:44:19,060 [8] FATAL ProcessLogger [(null)] - 012012:print end6/29/2017 10:44:19
2017-06-29 10:44:19,082 [8] FATAL ProcessLogger [(null)] - 012100:print dock6/29/2017 10:44:19
2017-06-29 10:44:19,086 [8] FATAL ProcessLogger [(null)] - 109723 load file6/29/2017 10:44:19
2017-06-29 10:44:19,087 [8] FATAL ProcessLogger [(null)] - 109724 Add file6/29/2017 10:44:19
2017-06-29 10:44:19,769 [8] FATAL ProcessLogger [(null)] - 109725 display file6/29/2017 10:44:19
2017-06-29 10:46:02,294 [9] FATAL ProcessLogger [(null)] - System Start 6/29/2017 10:46:02
2017-06-29 10:46:02,322 [9] FATAL ProcessLogger [(null)] - login6/29/2017 10:46:02
2017-06-29 10:46:03,525 [9] FATAL ProcessLogger [(null)] - 07932:System Login Start 6/29/2017 10:46:03
2017-06-29 10:46:03,732 [9] FATAL ProcessLogger [(null)] - 07933:System Login Start 6/29/2017 10:46:03
2017-06-29 10:46:03,732 [9] FATAL ProcessLogger [(null)] - 07934:System Login Start 6/29/2017 10:46:03
2017-06-29 10:46:03,740 [9] FATAL ProcessLogger [(null)] - 07935:System Login Start 6/29/2017 10:46:03
2017-06-29 10:46:09,910 [9] FATAL ProcessLogger [(null)] - 009012:print strart6/29/2017 10:46:09
2017-06-29 10:46:09,948 [9] FATAL ProcessLogger [(null)] - 009014:print strart6/29/2017 10:46:09
2017-06-29 10:46:09,959 [9] FATAL ProcessLogger [(null)] - 009015:print strart6/29/2017 10:46:09
2017-06-29 10:46:10,093 [9] FATAL ProcessLogger [(null)] - 009016:print strart6/29/2017 10:46:10
2017-06-29 10:46:10,094 [9] FATAL ProcessLogger [(null)] - 012012:print end6/29/2017 10:46:10
2017-06-29 10:46:10,118 [9] FATAL ProcessLogger [(null)] - 012100:print dock6/29/2017 10:46:10
2017-06-29 10:46:10,122 [9] FATAL ProcessLogger [(null)] - 109723 load file6/29/2017 10:46:10
2017-06-29 10:46:10,123 [9] FATAL ProcessLogger [(null)] - 109724 Add file6/29/2017 10:46:10
2017-06-29 10:46:10,822 [9] FATAL ProcessLogger [(null)] - 109725 display file6/29/2017 10:46:10
2017-06-29 10:52:31,891 [10] FATAL ProcessLogger [(null)] - System Start 6/29/2017 10:52:31
2017-06-29 10:52:31,920 [10] FATAL ProcessLogger [(null)] - login6/29/2017 10:52:31
2017-06-29 10:52:33,031 [10] FATAL ProcessLogger [(null)] - 07932:System Login Start 6/29/2017 10:52:33
2017-06-29 10:52:33,242 [10] FATAL ProcessLogger [(null)] - 07933:System Login Start 6/29/2017 10:52:33
2017-06-29 10:52:33,242 [10] FATAL ProcessLogger [(null)] - 07934:System Login Start 6/29/2017 10:52:33
2017-06-29 10:52:33,248 [10] FATAL ProcessLogger [(null)] - 07935:System Login Start 6/29/2017 10:52:33
2017-06-29 10:52:42,540 [10] FATAL ProcessLogger [(null)] - 009012:print strart6/29/2017 10:52:42
2017-06-29 10:52:42,582 [10] FATAL ProcessLogger [(null)] - 009014:print strart6/29/2017 10:52:42
2017-06-29 10:52:42,593 [10] FATAL ProcessLogger [(null)] - 009015:print strart6/29/2017 10:52:42
2017-06-29 10:52:42,732 [10] FATAL ProcessLogger [(null)] - 009016:print strart6/29/2017 10:52:42
2017-06-29 10:52:42,733 [10] FATAL ProcessLogger [(null)] - 012012:print end6/29/2017 10:52:42
2017-06-29 10:52:42,755 [10] FATAL ProcessLogger [(null)] - 012100:print dock6/29/2017 10:52:42
2017-06-29 10:52:42,758 [10] FATAL ProcessLogger [(null)] - 109723 load file6/29/2017 10:52:42
2017-06-29 10:52:42,760 [10] FATAL ProcessLogger [(null)] - 109724 Add file6/29/2017 10:52:42
2017-06-29 10:52:43,505 [10] FATAL ProcessLogger [(null)] - 109725 display file6/29/2017 10:52:43
2017-06-29 10:59:50,881 [10] FATAL ProcessLogger [(null)] - System Start 6/29/2017 10:59:50
2017-06-29 10:59:51,322 [10] FATAL ProcessLogger [(null)] - login6/29/2017 10:59:51
2017-06-29 11:00:05,437 [10] FATAL ProcessLogger [(null)] - 07932:System Login Start 6/29/2017 11:00:05
2017-06-29 11:00:05,654 [10] FATAL ProcessLogger [(null)] - 07933:System Login Start 6/29/2017 11:00:05
2017-06-29 11:00:05,654 [10] FATAL ProcessLogger [(null)] - 07934:System Login Start 6/29/2017 11:00:05
2017-06-29 11:00:05,661 [10] FATAL ProcessLogger [(null)] - 07935:System Login Start 6/29/2017 11:00:05
2017-06-29 11:01:27,136 [9] FATAL ProcessLogger [(null)] - System Start 6/29/2017 11:01:27
2017-06-29 11:01:27,477 [9] FATAL ProcessLogger [(null)] - login6/29/2017 11:01:27
2017-06-29 11:01:28,801 [9] FATAL ProcessLogger [(null)] - 07932:System Login Start 6/29/2017 11:01:28
2017-06-29 11:01:29,029 [9] FATAL ProcessLogger [(null)] - 07933:System Login Start 6/29/2017 11:01:29
2017-06-29 11:01:29,030 [9] FATAL ProcessLogger [(null)] - 07934:System Login Start 6/29/2017 11:01:29
2017-06-29 11:01:29,038 [9] FATAL ProcessLogger [(null)] - 07935:System Login Start 6/29/2017 11:01:29
2017-06-29 11:05:46,163 [8] FATAL ProcessLogger [(null)] - System Start 6/29/2017 11:05:46
2017-06-29 11:05:46,202 [8] FATAL ProcessLogger [(null)] - login6/29/2017 11:05:46
2017-06-29 11:07:56,959 [8] FATAL ProcessLogger [(null)] - 07932:System Login Start 6/29/2017 11:07:56
2017-06-29 11:07:57,273 [8] FATAL ProcessLogger [(null)] - 07933:System Login Start 6/29/2017 11:07:57
2017-06-29 11:07:57,273 [8] FATAL ProcessLogger [(null)] - 07934:System Login Start 6/29/2017 11:07:57
2017-06-29 11:07:57,284 [8] FATAL ProcessLogger [(null)] - 07935:System Login Start 6/29/2017 11:07:57
2017-06-29 11:08:06,960 [8] FATAL ProcessLogger [(null)] - 009012:print strart6/29/2017 11:08:06
2017-06-29 11:08:07,003 [8] FATAL ProcessLogger [(null)] - 009014:print strart6/29/2017 11:08:07
2017-06-29 11:08:07,013 [8] FATAL ProcessLogger [(null)] - 009015:print strart6/29/2017 11:08:07
2017-06-29 11:08:07,247 [8] FATAL ProcessLogger [(null)] - 009016:print strart6/29/2017 11:08:07
2017-06-29 11:08:07,247 [8] FATAL ProcessLogger [(null)] - 012012:print end6/29/2017 11:08:07
2017-06-29 11:08:07,267 [8] FATAL ProcessLogger [(null)] - 012100:print dock6/29/2017 11:08:07
2017-06-29 11:08:07,270 [8] FATAL ProcessLogger [(null)] - 109723 load file6/29/2017 11:08:07
2017-06-29 11:08:07,272 [8] FATAL ProcessLogger [(null)] - 109724 Add file6/29/2017 11:08:07
2017-06-29 11:08:07,992 [8] FATAL ProcessLogger [(null)] - 109725 display file6/29/2017 11:08:07
2017-06-29 11:10:04,754 [9] FATAL ProcessLogger [(null)] - System Start 6/29/2017 11:10:04
2017-06-29 11:10:04,780 [9] FATAL ProcessLogger [(null)] - login6/29/2017 11:10:04
2017-06-29 11:10:09,869 [9] FATAL ProcessLogger [(null)] - 07932:System Login Start 6/29/2017 11:10:09
2017-06-29 11:10:10,085 [9] FATAL ProcessLogger [(null)] - 07933:System Login Start 6/29/2017 11:10:10
2017-06-29 11:10:10,085 [9] FATAL ProcessLogger [(null)] - 07934:System Login Start 6/29/2017 11:10:10
2017-06-29 11:10:10,092 [9] FATAL ProcessLogger [(null)] - 07935:System Login Start 6/29/2017 11:10:10
2017-06-29 11:22:45,402 [9] FATAL ProcessLogger [(null)] - System Start 6/29/2017 11:22:45
2017-06-29 11:22:45,440 [9] FATAL ProcessLogger [(null)] - login6/29/2017 11:22:45
2017-06-29 11:22:46,466 [9] FATAL ProcessLogger [(null)] - 07932:System Login Start 6/29/2017 11:22:46
2017-06-29 11:22:46,718 [9] FATAL ProcessLogger [(null)] - 07933:System Login Start 6/29/2017 11:22:46
2017-06-29 11:22:46,718 [9] FATAL ProcessLogger [(null)] - 07934:System Login Start 6/29/2017 11:22:46
2017-06-29 11:22:46,729 [9] FATAL ProcessLogger [(null)] - 07935:System Login Start 6/29/2017 11:22:46
2017-06-29 11:49:42,589 [9] FATAL ProcessLogger [(null)] - System Start 6/29/2017 11:49:42
2017-06-29 11:49:42,911 [9] FATAL ProcessLogger [(null)] - login6/29/2017 11:49:42
2017-06-29 12:30:54,444 [10] FATAL ProcessLogger [(null)] - System Start 6/29/2017 12:30:54
2017-06-29 12:30:54,773 [10] FATAL ProcessLogger [(null)] - login6/29/2017 12:30:54
2017-06-29 12:30:56,530 [10] FATAL ProcessLogger [(null)] - 07932:System Login Start 6/29/2017 12:30:56
2017-06-29 12:30:56,759 [10] FATAL ProcessLogger [(null)] - 07933:System Login Start 6/29/2017 12:30:56
2017-06-29 12:30:56,759 [10] FATAL ProcessLogger [(null)] - 07934:System Login Start 6/29/2017 12:30:56
2017-06-29 12:30:56,766 [10] FATAL ProcessLogger [(null)] - 07935:System Login Start 6/29/2017 12:30:56
2017-06-29 13:23:29,911 [8] FATAL ProcessLogger [(null)] - System Start 6/29/2017 13:23:29
2017-06-29 13:23:29,943 [8] FATAL ProcessLogger [(null)] - login6/29/2017 13:23:29
2017-06-29 13:23:31,703 [8] FATAL ProcessLogger [(null)] - 07932:System Login Start 6/29/2017 13:23:31
2017-06-29 13:23:31,933 [8] FATAL ProcessLogger [(null)] - 07933:System Login Start 6/29/2017 13:23:31
2017-06-29 13:23:31,933 [8] FATAL ProcessLogger [(null)] - 07934:System Login Start 6/29/2017 13:23:31
2017-06-29 13:23:31,940 [8] FATAL ProcessLogger [(null)] - 07935:System Login Start 6/29/2017 13:23:31
2017-06-29 13:24:55,486 [10] FATAL ProcessLogger [(null)] - System Start 6/29/2017 13:24:55
2017-06-29 13:24:55,516 [10] FATAL ProcessLogger [(null)] - login6/29/2017 13:24:55
2017-06-29 13:24:56,608 [10] FATAL ProcessLogger [(null)] - 07932:System Login Start 6/29/2017 13:24:56
2017-06-29 13:24:56,820 [10] FATAL ProcessLogger [(null)] - 07933:System Login Start 6/29/2017 13:24:56
2017-06-29 13:24:56,820 [10] FATAL ProcessLogger [(null)] - 07934:System Login Start 6/29/2017 13:24:56
2017-06-29 13:24:56,827 [10] FATAL ProcessLogger [(null)] - 07935:System Login Start 6/29/2017 13:24:56
2017-06-29 13:27:21,798 [9] FATAL ProcessLogger [(null)] - System Start 6/29/2017 13:27:21
2017-06-29 13:27:21,831 [9] FATAL ProcessLogger [(null)] - login6/29/2017 13:27:21
2017-06-29 13:28:05,809 [8] FATAL ProcessLogger [(null)] - System Start 6/29/2017 13:28:05
2017-06-29 13:28:05,836 [8] FATAL ProcessLogger [(null)] - login6/29/2017 13:28:05
2017-06-29 13:30:25,471 [9] FATAL ProcessLogger [(null)] - System Start 6/29/2017 13:30:25
2017-06-29 13:30:25,503 [9] FATAL ProcessLogger [(null)] - login6/29/2017 13:30:25
2017-06-29 13:30:26,632 [9] FATAL ProcessLogger [(null)] - 07932:System Login Start 6/29/2017 13:30:26
2017-06-29 13:30:26,892 [9] FATAL ProcessLogger [(null)] - 07933:System Login Start 6/29/2017 13:30:26
2017-06-29 13:30:26,892 [9] FATAL ProcessLogger [(null)] - 07934:System Login Start 6/29/2017 13:30:26
2017-06-29 13:30:26,901 [9] FATAL ProcessLogger [(null)] - 07935:System Login Start 6/29/2017 13:30:26
2017-06-29 13:35:08,529 [8] FATAL ProcessLogger [(null)] - System Start 6/29/2017 13:35:08
2017-06-29 13:35:08,556 [8] FATAL ProcessLogger [(null)] - login6/29/2017 13:35:08
2017-06-29 13:35:39,357 [8] FATAL ProcessLogger [(null)] - System Start 6/29/2017 13:35:39
2017-06-29 13:35:39,387 [8] FATAL ProcessLogger [(null)] - login6/29/2017 13:35:39
2017-06-29 13:35:40,577 [8] FATAL ProcessLogger [(null)] - 07932:System Login Start 6/29/2017 13:35:40
2017-06-29 13:35:40,788 [8] FATAL ProcessLogger [(null)] - 07933:System Login Start 6/29/2017 13:35:40
2017-06-29 13:35:40,789 [8] FATAL ProcessLogger [(null)] - 07934:System Login Start 6/29/2017 13:35:40
2017-06-29 13:35:40,796 [8] FATAL ProcessLogger [(null)] - 07935:System Login Start 6/29/2017 13:35:40
2017-06-29 13:36:56,955 [9] FATAL ProcessLogger [(null)] - System Start 6/29/2017 13:36:56
2017-06-29 13:36:56,982 [9] FATAL ProcessLogger [(null)] - login6/29/2017 13:36:56
2017-06-29 13:36:57,925 [9] FATAL ProcessLogger [(null)] - 07932:System Login Start 6/29/2017 13:36:57
2017-06-29 13:36:58,136 [9] FATAL ProcessLogger [(null)] - 07933:System Login Start 6/29/2017 13:36:58
2017-06-29 13:36:58,136 [9] FATAL ProcessLogger [(null)] - 07934:System Login Start 6/29/2017 13:36:58
2017-06-29 13:36:58,142 [9] FATAL ProcessLogger [(null)] - 07935:System Login Start 6/29/2017 13:36:58
2017-06-29 13:38:25,126 [9] FATAL ProcessLogger [(null)] - System Start 6/29/2017 13:38:25
2017-06-29 13:38:25,162 [9] FATAL ProcessLogger [(null)] - login6/29/2017 13:38:25
2017-06-29 13:38:26,237 [9] FATAL ProcessLogger [(null)] - 07932:System Login Start 6/29/2017 13:38:26
2017-06-29 13:38:26,447 [9] FATAL ProcessLogger [(null)] - 07933:System Login Start 6/29/2017 13:38:26
2017-06-29 13:38:26,447 [9] FATAL ProcessLogger [(null)] - 07934:System Login Start 6/29/2017 13:38:26
2017-06-29 13:38:26,455 [9] FATAL ProcessLogger [(null)] - 07935:System Login Start 6/29/2017 13:38:26
2017-06-29 13:40:26,847 [9] FATAL ProcessLogger [(null)] - System Start 6/29/2017 13:40:26
2017-06-29 13:40:26,872 [9] FATAL ProcessLogger [(null)] - login6/29/2017 13:40:26
2017-06-29 13:40:28,395 [9] FATAL ProcessLogger [(null)] - 07932:System Login Start 6/29/2017 13:40:28
2017-06-29 13:40:28,600 [9] FATAL ProcessLogger [(null)] - 07933:System Login Start 6/29/2017 13:40:28
2017-06-29 13:40:28,600 [9] FATAL ProcessLogger [(null)] - 07934:System Login Start 6/29/2017 13:40:28
2017-06-29 13:40:28,608 [9] FATAL ProcessLogger [(null)] - 07935:System Login Start 6/29/2017 13:40:28
2017-06-29 13:41:58,553 [9] FATAL ProcessLogger [(null)] - System Start 6/29/2017 13:41:58
2017-06-29 13:41:58,581 [9] FATAL ProcessLogger [(null)] - login6/29/2017 13:41:58
2017-06-29 13:41:59,943 [9] FATAL ProcessLogger [(null)] - 07932:System Login Start 6/29/2017 13:41:59
2017-06-29 13:42:00,176 [9] FATAL ProcessLogger [(null)] - 07933:System Login Start 6/29/2017 13:42:00
2017-06-29 13:42:00,177 [9] FATAL ProcessLogger [(null)] - 07934:System Login Start 6/29/2017 13:42:00
2017-06-29 13:42:00,185 [9] FATAL ProcessLogger [(null)] - 07935:System Login Start 6/29/2017 13:42:00
2017-06-29 13:44:35,054 [9] FATAL ProcessLogger [(null)] - System Start 6/29/2017 13:44:35
2017-06-29 13:44:35,087 [9] FATAL ProcessLogger [(null)] - login6/29/2017 13:44:35
2017-06-29 13:44:38,221 [9] FATAL ProcessLogger [(null)] - 07932:System Login Start 6/29/2017 13:44:38
2017-06-29 13:44:38,435 [9] FATAL ProcessLogger [(null)] - 07933:System Login Start 6/29/2017 13:44:38
2017-06-29 13:44:38,435 [9] FATAL ProcessLogger [(null)] - 07934:System Login Start 6/29/2017 13:44:38
2017-06-29 13:44:38,442 [9] FATAL ProcessLogger [(null)] - 07935:System Login Start 6/29/2017 13:44:38
